<?xml version="1.0" encoding="UTF-8"?>
<testsuite xmlns:xsi="http://www.w3.org/2001/XMLSchema-instance" xsi:noNamespaceSchemaLocation="https://maven.apache.org/surefire/maven-surefire-plugin/xsd/surefire-test-report.xsd" name="BoardTest" time="0.09" tests="13" errors="0" skipped="0" failures="1">
  <properties>
    <property name="java.specification.version" value="17"/>
    <property name="sun.cpu.isalist" value="amd64"/>
    <property name="sun.jnu.encoding" value="Cp1252"/>
    <property name="java.class.path" value="d:\UCP\2doAno\Paradigmas2\tetris\target\test-classes;d:\UCP\2doAno\Paradigmas2\tetris\target\classes;C:\Users\stive\.m2\repository\junit\junit\4.11\junit-4.11.jar;C:\Users\stive\.m2\repository\org\hamcrest\hamcrest-core\1.3\hamcrest-core-1.3.jar;"/>
    <property name="java.vm.vendor" value="Eclipse Adoptium"/>
    <property name="sun.arch.data.model" value="64"/>
    <property name="user.variant" value=""/>
    <property name="java.vendor.url" value="https://adoptium.net/"/>
    <property name="user.timezone" value="America/Buenos_Aires"/>
    <property name="os.name" value="Windows 10"/>
    <property name="java.vm.specification.version" value="17"/>
    <property name="sun.java.launcher" value="SUN_STANDARD"/>
    <property name="user.country" value="CO"/>
    <property name="sun.boot.library.path" value="C:\Users\stive\AppData\Local\Programs\Eclipse Adoptium\jdk-17.0.8.7-hotspot\bin"/>
    <property name="sun.java.command" value="C:\Users\stive\AppData\Local\Temp\surefire2763714080569289901\surefirebooter13030693348875830104.jar C:\Users\stive\AppData\Local\Temp\surefire2763714080569289901 2023-09-11T23-31-29_630-jvmRun1 surefire222847513869664999tmp surefire_05691094706407033600tmp"/>
    <property name="jdk.debug" value="release"/>
    <property name="surefire.test.class.path" value="d:\UCP\2doAno\Paradigmas2\tetris\target\test-classes;d:\UCP\2doAno\Paradigmas2\tetris\target\classes;C:\Users\stive\.m2\repository\junit\junit\4.11\junit-4.11.jar;C:\Users\stive\.m2\repository\org\hamcrest\hamcrest-core\1.3\hamcrest-core-1.3.jar;"/>
    <property name="sun.cpu.endian" value="little"/>
    <property name="user.home" value="C:\Users\stive"/>
    <property name="user.language" value="es"/>
    <property name="java.specification.vendor" value="Oracle Corporation"/>
    <property name="java.version.date" value="2023-07-18"/>
    <property name="java.home" value="C:\Users\stive\AppData\Local\Programs\Eclipse Adoptium\jdk-17.0.8.7-hotspot"/>
    <property name="file.separator" value="\"/>
    <property name="basedir" value="d:\UCP\2doAno\Paradigmas2\tetris"/>
    <property name="java.vm.compressedOopsMode" value="32-bit"/>
    <property name="line.separator" value="&#10;"/>
    <property name="java.vm.specification.vendor" value="Oracle Corporation"/>
    <property name="java.specification.name" value="Java Platform API Specification"/>
    <property name="surefire.real.class.path" value="C:\Users\stive\AppData\Local\Temp\surefire2763714080569289901\surefirebooter13030693348875830104.jar"/>
    <property name="user.script" value=""/>
    <property name="sun.management.compiler" value="HotSpot 64-Bit Tiered Compilers"/>
    <property name="java.runtime.version" value="17.0.8+7"/>
    <property name="user.name" value="stive"/>
    <property name="path.separator" value=";"/>
    <property name="os.version" value="10.0"/>
    <property name="java.runtime.name" value="OpenJDK Runtime Environment"/>
    <property name="file.encoding" value="Cp1252"/>
    <property name="java.vm.name" value="OpenJDK 64-Bit Server VM"/>
    <property name="java.vendor.version" value="Temurin-17.0.8+7"/>
    <property name="localRepository" value="C:\Users\stive\.m2\repository"/>
    <property name="java.vendor.url.bug" value="https://github.com/adoptium/adoptium-support/issues"/>
    <property name="java.io.tmpdir" value="C:\Users\stive\AppData\Local\Temp\"/>
    <property name="java.version" value="17.0.8"/>
    <property name="user.dir" value="d:\UCP\2doAno\Paradigmas2\tetris"/>
    <property name="os.arch" value="amd64"/>
    <property name="java.vm.specification.name" value="Java Virtual Machine Specification"/>
    <property name="sun.os.patch.level" value=""/>
    <property name="native.encoding" value="Cp1252"/>
    <property name="java.library.path" value="C:\Users\stive\AppData\Local\Programs\Eclipse Adoptium\jdk-17.0.8.7-hotspot\bin;C:\Windows\Sun\Java\bin;C:\Windows\system32;C:\Windows;C:\Program Files\Eclipse Adoptium\jdk-8.0.382.5-hotspot\bin;C:\Program Files (x86)\Common Files\Oracle\Java\javapath;C:\ProgramData\Oracle\Java\javapath;C:\Windows\system32;C:\Windows;C:\Windows\System32\Wbem;C:\Windows\System32\WindowsPowerShell\v1.0\;C:\Windows\System32\OpenSSH\;C:\Program Files (x86)\NVIDIA Corporation\PhysX\Common;C:\Program Files\dotnet\;C:\msys64\mingw64\bin;C:\Program Files\NVIDIA Corporation\NVIDIA NvDLISR;C:\Program Files\Git\cmd;C:\Program Files\apache-maven-3.9.4\bin;C:\Users\stive\AppData\Local\Programs\Eclipse Adoptium\jdk-17.0.8.7-hotspot\bin;C:\Users\stive\AppData\Local\Programs\Python\Python311\Scripts\;C:\Users\stive\AppData\Local\Programs\Python\Python311\;C:\Users\stive\AppData\Local\Microsoft\WindowsApps;C:\Users\stive\.dotnet\tools;C:\Users\stive\AppData\Local\Programs\Microsoft VS Code\bin;."/>
    <property name="java.vm.info" value="mixed mode, sharing"/>
    <property name="java.vendor" value="Eclipse Adoptium"/>
    <property name="java.vm.version" value="17.0.8+7"/>
    <property name="sun.io.unicode.encoding" value="UnicodeLittle"/>
    <property name="java.class.version" value="61.0"/>
  </properties>
  <testcase name="colisionTest" classname="BoardTest" time="0.011"/>
  <testcase name="dogPieceLeftSpawnTest" classname="BoardTest" time="0"/>
  <testcase name="stickSpawnTest" classname="BoardTest" time="0"/>
  <testcase name="boardIsFullTest" classname="BoardTest" time="0"/>
  <testcase name="squarePieceSpawnTest" classname="BoardTest" time="0"/>
  <testcase name="lPieceRightSpawnTest" classname="BoardTest" time="0"/>
  <testcase name="randomSpawnTest" classname="BoardTest" time="0"/>
  <testcase name="tSpawnTest" classname="BoardTest" time="0"/>
  <testcase name="boardIsNotFullTest" classname="BoardTest" time="0.01">
    <failure type="java.lang.AssertionError">java.lang.AssertionError
	at BoardTest.boardIsNotFullTest(BoardTest.java:226)
</failure>
  </testcase>
  <testcase name="lPieceLeftSpawnTest" classname="BoardTest" time="0"/>
  <testcase name="InstantiateBoardTest" classname="BoardTest" time="0"/>
  <testcase name="movePieceTest" classname="BoardTest" time="0"/>
  <testcase name="dogPieceRightSpawnTest" classname="BoardTest" time="0"/>
</testsuite>