<?xml version="1.0" encoding="UTF-8"?>
<testsuite xmlns:xsi="http://www.w3.org/2001/XMLSchema-instance" xsi:noNamespaceSchemaLocation="https://maven.apache.org/surefire/maven-surefire-plugin/xsd/surefire-test-report.xsd" name="TetrisTest" time="0.008" tests="3" errors="0" skipped="0" failures="1">
  <properties>
[...]
</properties>
  <testcase name="tetrisState0Test" classname="TetrisTest" time="0.004"/>
  <testcase name="tetrisState1Test" classname="TetrisTest" time="0">
    <failure message="expected:&lt;[Jugando]&gt; but was:&lt;[Game Over]&gt;" type="org.junit.ComparisonFailure"><![CDATA[org.junit.ComparisonFailure: expected:<[Jugando]> but was:<[Game Over]>
	at TetrisTest.tetrisState1Test(TetrisTest.java:35)
]]></failure>
  </testcase>
  <testcase name="IntantiateTetrisTest" classname="TetrisTest" time="0"/>
</testsuite>