<?xml version="1.0" encoding="UTF-8"?>
<testsuite xmlns:xsi="http://www.w3.org/2001/XMLSchema-instance" xsi:noNamespaceSchemaLocation="https://maven.apache.org/surefire/maven-surefire-plugin/xsd/surefire-test-report.xsd" name="BoardTest" time="0.09" tests="13" errors="0" skipped="0" failures="1">
  <properties>
[...]
</properties>
  <testcase name="colisionTest" classname="BoardTest" time="0.011"/>
  <testcase name="dogPieceLeftSpawnTest" classname="BoardTest" time="0"/>
  <testcase name="stickSpawnTest" classname="BoardTest" time="0"/>
  <testcase name="boardIsFullTest" classname="BoardTest" time="0"/>
  <testcase name="squarePieceSpawnTest" classname="BoardTest" time="0"/>
  <testcase name="lPieceRightSpawnTest" classname="BoardTest" time="0"/>
  <testcase name="randomSpawnTest" classname="BoardTest" time="0"/>
  <testcase name="tSpawnTest" classname="BoardTest" time="0"/>
  <testcase name="boardIsNotFullTest" classname="BoardTest" time="0.01">
    <failure type="java.lang.AssertionError">java.lang.AssertionError
	at BoardTest.boardIsNotFullTest(BoardTest.java:226)
</failure>
  </testcase>
  <testcase name="lPieceLeftSpawnTest" classname="BoardTest" time="0"/>
  <testcase name="InstantiateBoardTest" classname="BoardTest" time="0"/>
  <testcase name="movePieceTest" classname="BoardTest" time="0"/>
  <testcase name="dogPieceRightSpawnTest" classname="BoardTest" time="0"/>
</testsuite>