<?xml version="1.0" encoding="UTF-8"?>
<testsuite xmlns:xsi="http://www.w3.org/2001/XMLSchema-instance" xsi:noNamespaceSchemaLocation="https://maven.apache.org/surefire/maven-surefire-plugin/xsd/surefire-test-report.xsd" name="PieceBaseTest" time="0.001" tests="16" errors="0" skipped="0" failures="0">
  <properties>
[...]
</properties>
  <testcase name="InstantiateLpiecetest" classname="PieceBaseTest" time="0"/>
  <testcase name="SquarePieceRotateLeftTest" classname="PieceBaseTest" time="0"/>
  <testcase name="LPieceRightRotateRightTest" classname="PieceBaseTest" time="0"/>
  <testcase name="DogPieceRightRotateRightTest" classname="PieceBaseTest" time="0"/>
  <testcase name="InstantiateStickpiecetest" classname="PieceBaseTest" time="0"/>
  <testcase name="StickPieceRotateLeftTest" classname="PieceBaseTest" time="0"/>
  <testcase name="StickPieceRotateRightTest" classname="PieceBaseTest" time="0"/>
  <testcase name="InstantiateTpiecetest" classname="PieceBaseTest" time="0"/>
  <testcase name="SquarePieceRotateRightTest" classname="PieceBaseTest" time="0"/>
  <testcase name="TPieceRotateRightTest" classname="PieceBaseTest" time="0"/>
  <testcase name="DogPieceLeftRotateLeftTest" classname="PieceBaseTest" time="0"/>
  <testcase name="DogPieceRightRotateLeftTest" classname="PieceBaseTest" time="0"/>
  <testcase name="InstantiateSquarepiecetest" classname="PieceBaseTest" time="0"/>
  <testcase name="DogPieceLeftRotateRightTest" classname="PieceBaseTest" time="0"/>
  <testcase name="LPieceLeftRotateRightTest" classname="PieceBaseTest" time="0"/>
  <testcase name="InstantiateDogpiecetest" classname="PieceBaseTest" time="0"/>
</testsuite>