<?xml version="1.0" encoding="UTF-8"?>
<testsuite xmlns:xsi="http://www.w3.org/2001/XMLSchema-instance" xsi:noNamespaceSchemaLocation="https://maven.apache.org/surefire/maven-surefire-plugin/xsd/surefire-test-report.xsd" name="PieceBaseTest" time="0.034" tests="13" errors="0" skipped="0" failures="0">
  <properties>
[...]
</properties>
  <testcase name="testOrientationsLPieceLeft" classname="PieceBaseTest" time="0"/>
  <testcase name="InstantiateLpiecetest" classname="PieceBaseTest" time="0"/>
  <testcase name="rotateClowkwiseDog" classname="PieceBaseTest" time="0"/>
  <testcase name="testOrientationsTPiece" classname="PieceBaseTest" time="0"/>
  <testcase name="testOrientationsStickPiece" classname="PieceBaseTest" time="0"/>
  <testcase name="InstantiateStickpiecetest" classname="PieceBaseTest" time="0"/>
  <testcase name="testOrientationsDogPieceRight" classname="PieceBaseTest" time="0"/>
  <testcase name="testOrientationsSquarePiece" classname="PieceBaseTest" time="0"/>
  <testcase name="testOrientationsLPieceRight" classname="PieceBaseTest" time="0"/>
  <testcase name="InstantiateTpiecetest" classname="PieceBaseTest" time="0"/>
  <testcase name="testOrientationsDogPieceLeft" classname="PieceBaseTest" time="0"/>
  <testcase name="InstantiateSquarepiecetest" classname="PieceBaseTest" time="0"/>
  <testcase name="InstantiateDogpiecetest" classname="PieceBaseTest" time="0"/>
</testsuite>