-------------------------------------------------------------------------------
Test set: TetrisTest
-------------------------------------------------------------------------------
Tests run: 3, Failures: 1, Errors: 0, Skipped: 0, Time elapsed: 0.008 s <<< FAILURE! - in TetrisTest
tetrisState1Test(TetrisTest)  Time elapsed: 0 s  <<< FAILURE!
org.junit.ComparisonFailure: expected:<[Jugando]> but was:<[Game Over]>
	at TetrisTest.tetrisState1Test(TetrisTest.java:35)

